===== Diagnostics 2025/09/01 7:19:31 =====
Sheet: データ取得, UsedRange: $A$1:$I$25
Sheet: データ登録, UsedRange: $A$1:$I$52
Sheet: 月次データ, UsedRange: $A$1:$Q$43
Sheet: マスタ, UsedRange: $A$1:$L$33
Sheet: 改善希望,提案, UsedRange: $A$1:$C$30
Sheet: Sheet3, UsedRange: $C$5:$D$8
===============================
===== Diagnostics 2025/09/01 7:19:53 =====
Sheet: データ取得, UsedRange: $A$1:$I$25
Sheet: データ登録, UsedRange: $A$1:$I$52
Sheet: 月次データ, UsedRange: $A$1:$Q$43
Sheet: マスタ, UsedRange: $A$1:$L$33
Sheet: 改善希望,提案, UsedRange: $A$1:$C$30
Sheet: Sheet3, UsedRange: $C$5:$D$8
===============================
===== Diagnostics 2025/09/01 7:21:35 =====
Sheet: データ取得, UsedRange: $A$1:$I$25
Sheet: データ登録, UsedRange: $A$1:$I$52
Sheet: 月次データ, UsedRange: $A$1:$Q$43
Sheet: マスタ, UsedRange: $A$1:$L$33
Sheet: 改善希望,提案, UsedRange: $A$1:$C$30
Sheet: Sheet3, UsedRange: $C$5:$D$8
===============================
